0 info it worked if it ends with ok
1 verbose cli [ 'node', '/usr/local/bin/npm', 'install', 'concat-string' ]
2 info using npm@2.1.7
3 info using node@v0.10.4
4 silly cache add args [ 'concat-string', null ]
5 verbose cache add spec concat-string
6 silly cache add parsed spec { raw: 'concat-string',
6 silly cache add   scope: null,
6 silly cache add   name: 'concat-string',
6 silly cache add   rawSpec: '',
6 silly cache add   spec: '*',
6 silly cache add   type: 'range' }
7 verbose addNamed concat-string@*
8 silly addNamed semver.valid null
9 silly addNamed semver.validRange *
10 silly addNameRange { name: 'concat-string', range: '*', hasData: false }
11 silly mapToRegistry name concat-string
12 silly mapToRegistry using default registry
13 silly mapToRegistry registry https://registry.npmjs.org/
14 silly mapToRegistry uri https://registry.npmjs.org/concat-string
15 verbose addNameRange registry:https://registry.npmjs.org/concat-string not in flight; fetching
16 verbose request uri https://registry.npmjs.org/concat-string
17 verbose request no auth needed
18 info attempt registry request try #1 at 13:20:43
19 verbose request id 3ea8850e4faabd27
20 http request GET https://registry.npmjs.org/concat-string
21 http 404 https://registry.npmjs.org/concat-string
22 verbose headers { date: 'Tue, 18 Nov 2014 19:20:46 GMT',
22 verbose headers   server: 'CouchDB/1.5.0 (Erlang OTP/R16B03)',
22 verbose headers   'content-type': 'application/json',
22 verbose headers   'cache-control': 'max-age=0',
22 verbose headers   'content-length': '52',
22 verbose headers   'accept-ranges': 'bytes',
22 verbose headers   via: '1.1 varnish',
22 verbose headers   age: '0',
22 verbose headers   'x-served-by': 'cache-jfk1028-JFK',
22 verbose headers   'x-cache': 'MISS',
22 verbose headers   'x-cache-hits': '0',
22 verbose headers   'x-timer': 'S1416338446.295991,VS0,VE16',
22 verbose headers   'keep-alive': 'timeout=10, max=50',
22 verbose headers   connection: 'Keep-Alive' }
23 silly get cb [ 404,
23 silly get   { date: 'Tue, 18 Nov 2014 19:20:46 GMT',
23 silly get     server: 'CouchDB/1.5.0 (Erlang OTP/R16B03)',
23 silly get     'content-type': 'application/json',
23 silly get     'cache-control': 'max-age=0',
23 silly get     'content-length': '52',
23 silly get     'accept-ranges': 'bytes',
23 silly get     via: '1.1 varnish',
23 silly get     age: '0',
23 silly get     'x-served-by': 'cache-jfk1028-JFK',
23 silly get     'x-cache': 'MISS',
23 silly get     'x-cache-hits': '0',
23 silly get     'x-timer': 'S1416338446.295991,VS0,VE16',
23 silly get     'keep-alive': 'timeout=10, max=50',
23 silly get     connection: 'Keep-Alive' } ]
24 verbose stack Error: 404 Not Found: concat-string
24 verbose stack     at CachingRegistryClient.<anonymous> (/usr/local/lib/node_modules/npm/node_modules/npm-registry-client/lib/request.js:232:14)
24 verbose stack     at Request._callback (/usr/local/lib/node_modules/npm/node_modules/npm-registry-client/lib/request.js:172:14)
24 verbose stack     at Request.self.callback (/usr/local/lib/node_modules/npm/node_modules/request/request.js:372:22)
24 verbose stack     at Request.EventEmitter.emit (events.js:98:17)
24 verbose stack     at Request.<anonymous> (/usr/local/lib/node_modules/npm/node_modules/request/request.js:1310:14)
24 verbose stack     at Request.EventEmitter.emit (events.js:117:20)
24 verbose stack     at IncomingMessage.<anonymous> (/usr/local/lib/node_modules/npm/node_modules/request/request.js:1258:12)
24 verbose stack     at IncomingMessage.EventEmitter.emit (events.js:117:20)
24 verbose stack     at _stream_readable.js:883:14
24 verbose stack     at process._tickCallback (node.js:415:13)
25 verbose statusCode 404
26 verbose pkgid concat-string
27 verbose cwd /home/fafsadev/programming/nodeCode/stream-adventure
28 error Linux 2.6.32-220.7.1.el6.x86_64
29 error argv "node" "/usr/local/bin/npm" "install" "concat-string"
30 error node v0.10.4
31 error npm  v2.1.7
32 error code E404
33 error 404 Not Found: concat-string
33 error 404
33 error 404 'concat-string' is not in the npm registry.
33 error 404 You should bug the author to publish it (or use the name yourself!)
33 error 404
33 error 404 Note that you can also install from a
33 error 404 tarball, folder, http url, or git url.
34 verbose exit [ 1, true ]
